<?xml version="1.0" encoding="UTF-8"?>
<!-- Generated by org.testng.reporters.JUnitReportReporter -->
<testsuite hostname="DESKTOP-FCV789S" name="com.selenium.test.srp.GoogleTest" tests="2" failures="0" timestamp="2 Aug 2020 20:23:06 GMT" time="14.110" errors="0">
  <testcase name="googleWorkFlow" time="8.173" classname="com.selenium.test.srp.GoogleTest"/>
  <testcase name="googleWorkFlow" time="5.937" classname="com.selenium.test.srp.GoogleTest"/>
</testsuite> <!-- com.selenium.test.srp.GoogleTest -->
