<?xml version="1.0" encoding="UTF-8"?>
<!-- Generated by org.testng.reporters.JUnitReportReporter -->
<testsuite hostname="DESKTOP-FCV789S" name="com.selenium.test.factory.GoogleSearchTest" tests="1" failures="0" timestamp="3 Aug 2020 17:07:46 GMT" time="8.377" errors="0">
  <testcase name="searchTest" time="8.377" classname="com.selenium.test.factory.GoogleSearchTest"/>
</testsuite> <!-- com.selenium.test.factory.GoogleSearchTest -->
